2020-04-20 12:05:08,474 [ERROR]  - An internal error occurred
com.openedge.pdt.design.comm.ClientServiceException: Timed out waiting for the OpenEdge AVM to start the Visual Designer. .NET runtime for GUITest failed to start.
	at com.openedge.pdt.design.project.AbstractClientService.internalStartService(AbstractClientService.java:426)
	at com.openedge.pdt.design.project.AbstractClientService$StartServiceJob.run(AbstractClientService.java:728)
	at org.eclipse.core.internal.jobs.Worker.run(Worker.java:63)
2020-04-23 09:44:47,030 [ERROR]  - Exception has been thrown by the target of an invocation.
   at OpenEdge.Designer.DesignCanvas.Commands.DeSerializeCodeDomMessage.Execute()
   at OpenEdge.Designer.Comm.EditorServer.handleCallback(IIPCClient targetClient, IIPCInputMessage callbackMsg)
2020-04-23 09:44:47,032 [ERROR]  - Exception has been thrown by the target of an invocation.
   at OpenEdge.Designer.DesignCanvas.OEDesignSurfaceManager.CreateVisualEditor(VisualEditorManager editorManager, DesignSurfaceCreationContext createContext)
   at OpenEdge.Designer.DesignCanvas.Commands.DeSerializeCodeDomMessage.CreateEditor()
2020-04-23 09:44:47,033 [ERROR]  - Exception has been thrown by the target of an invocation.
   at OpenEdge.Designer.DesignCanvas.OEDesignSurfaceManager.CreateVisualEditor(VisualEditorManager editorManager, DesignSurfaceCreationContext createContext)
2020-04-23 09:44:47,034 [ERROR]  - Exception has been thrown by the target of an invocation.
   at System.RuntimeMethodHandle.InvokeMethod(Object target, Object[] arguments, Signature sig, Boolean constructor)
   at System.Reflection.RuntimeConstructorInfo.Invoke(BindingFlags invokeAttr, Binder binder, Object[] parameters, CultureInfo culture)
   at System.SecurityUtils.SecureConstructorInvoke(Type type, Type[] argTypes, Object[] args, Boolean allowNonPublic, BindingFlags extraFlags)
   at System.ComponentModel.ReflectTypeDescriptionProvider.CreateInstance(IServiceProvider provider, Type objectType, Type[] argTypes, Object[] args)
   at System.ComponentModel.TypeDescriptor.CreateInstance(IServiceProvider provider, Type objectType, Type[] argTypes, Object[] args)
   at System.ComponentModel.Design.DesignSurface.CreateInstance(Type type)
   at OpenEdge.Designer.DesignCanvas.OEDesignSurface.CreateInstance(Type type)
   at System.ComponentModel.Design.DesignerHost.System.ComponentModel.Design.IDesignerHost.CreateComponent(Type componentType, String name)
   at System.ComponentModel.Design.Serialization.DesignerSerializationManager.CreateInstance(Type type, ICollection arguments, String name, Boolean addToContainer)
   at System.ComponentModel.Design.Serialization.DesignerSerializationManager.System.ComponentModel.Design.Serialization.IDesignerSerializationManager.CreateInstance(Type type, ICollection arguments, String name, Boolean addToContainer)
   at Telerik.WinControls.UI.Design.RadControlCodeDomSerializer.DeserializeInstance(IDesignerSerializationManager manager, Type type, Object[] parameters, String name, Boolean addToContainer)
   at System.ComponentModel.Design.Serialization.CodeDomSerializerBase.DeserializeExpression(IDesignerSerializationManager manager, String name, CodeExpression expression)
   at System.ComponentModel.Design.Serialization.CodeDomSerializer.DeserializeStatementToInstance(IDesignerSerializationManager manager, CodeStatement statement)
   at Telerik.WinControls.UI.Design.RadControlCodeDomSerializer.Deserialize(IDesignerSerializationManager manager, Object codeObject)
   at System.ComponentModel.Design.Serialization.TypeCodeDomSerializer.DeserializeName(IDesignerSerializationManager manager, String name, CodeStatementCollection statements)
2020-04-23 09:44:47,034 [ERROR]  - Value cannot be null.
Parameter name: type
   at System.Activator.CreateInstance(Type type, Boolean nonPublic)
   at System.Activator.CreateInstance(Type type)
   at Telerik.WinControls.RadElementTree.CheckLicense()
   at Telerik.WinControls.RadElementTree..ctor(IComponentTreeHandler component)
   at Telerik.WinControls.ComponentThemableElementTree..ctor(IComponentTreeHandler owner)
   at Telerik.WinControls.RadControl.Construct()
   at Telerik.WinControls.RadControl..ctor()
   at Telerik.WinControls.UI.RadButtonBase..ctor()
2020-04-23 09:44:47,051 [ERROR]  - An internal error occurred
java.lang.reflect.InvocationTargetException: An exception occurred loading the design canvas: Exception has been thrown by the target of an invocation.
	at com.openedge.pdt.ve.editor.VisualDesignerFormLoader.run(VisualDesignerFormLoader.java:266)
	at com.openedge.pdt.ve.editor.VisualDesigner.loadDesignEditor(VisualDesigner.java:557)
	at com.openedge.pdt.ve.editor.VisualDesigner.doSafeLoadDesignEditor(VisualDesigner.java:527)
	at com.openedge.pdt.ve.editor.VisualDesigner.doLoad(VisualDesigner.java:511)
	at com.openedge.pdt.design.editor.AbstractDesignEditor.loadDesignEditor(AbstractDesignEditor.java:983)
	at com.openedge.pdt.design.editor.AbstractDesignEditor$ClientServiceListener$1.run(AbstractDesignEditor.java:227)
	at org.eclipse.core.internal.jobs.Worker.run(Worker.java:63)
Caused by: com.openedge.pdt.design.comm.ClientServiceException: An exception occurred loading the design canvas: Exception has been thrown by the target of an invocation.
	at com.openedge.pdt.ve.editor.command.output.IPCDeSerializeCodeDomMessage.execute(IPCDeSerializeCodeDomMessage.java:106)
	at com.openedge.pdt.ve.editor.VisualDesignerClient.execute(VisualDesignerClient.java:357)
	at com.openedge.pdt.ve.editor.VisualDesignerClient.execute(VisualDesignerClient.java:363)
	at com.openedge.pdt.ve.editor.VisualDesignerFormLoader.run(VisualDesignerFormLoader.java:227)
	... 6 more
